Criterion:Wilcoxon_exact
40;50;
Size=2001
1. 820  1.67026e-26
2. 821  3.34052e-26
3. 822  6.68104e-26
4. 823  1.16918e-25
5. 824  2.00431e-25
6. 825  3.17349e-25
7. 826  5.01078e-25
8. 827  7.51617e-25
9. 828  1.11907e-24
10. 829  1.62015e-24
11. 830  2.32166e-24
12. 831  3.25701e-24
13. 832  4.54311e-24
14. 833  6.23007e-24
15. 834  8.48492e-24
16. 835  1.14246e-23
17. 836  1.52829e-23
18. 837  2.02436e-23
19. 838  2.66741e-23
20. 839  3.48583e-23
21. 840  4.53309e-23
22. 841  5.85593e-23
23. 842  7.52953e-23
24. 843  9.62571e-23
25. 844  1.22564e-22
26. 845  1.55267e-22
27. 846  1.95955e-22
28. 847  2.4623e-22
29. 848  3.0833e-22
30. 849  3.84577e-22
31. 850  4.78179e-22
32. 851  5.92458e-22
33. 852  7.31908e-22
34. 853  9.01323e-22
35. 854  1.10693e-21
36. 855  1.35552e-21
37. 856  1.65578e-21
38. 857  2.01717e-21
39. 858  2.45169e-21
40. 859  2.97256e-21
41. 860  3.5962e-21
42. 861  4.34084e-21
43. 862  5.22895e-21
44. 863  6.28551e-21
45. 864  7.54101e-21
46. 865  9.02958e-21
47. 866  1.07924e-20
48. 867  1.28756e-20
49. 868  1.53347e-20
50. 869  1.82319e-20
51. 870  2.16413e-20
52. 871  2.56467e-20
53. 872  3.03467e-20
54. 873  3.58528e-20
55. 874  4.22962e-20
56. 875  4.9825e-20
57. 876  5.86126e-20
58. 877  6.88548e-20
59. 878  8.07798e-20
60. 879  9.46456e-20
61. 880  1.10752e-19
62. 881  1.29436e-19
63. 882  1.5109e-19
64. 883  1.76156e-19
65. 884  2.05143e-19
66. 885  2.38627e-19
67. 886  2.77269e-19
68. 887  3.21816e-19
69. 888  3.73123e-19
70. 889  4.32154e-19
71. 890  5.00015e-19
72. 891  5.77947e-19
73. 892  6.67369e-19
74. 893  7.69879e-19
75. 894  8.87295e-19
76. 895  1.02166e-18
77. 896  1.1753e-18
78. 897  1.35083e-18
79. 898  1.55121e-18
80. 899  1.77975e-18
81. 900  2.04024e-18
82. 901  2.33688e-18
83. 902  2.67446e-18
84. 903  3.05831e-18
85. 904  3.49447e-18
86. 905  3.9897e-18
87. 906  4.55159e-18
88. 907  5.18867e-18
89. 908  5.9105e-18
90. 909  6.72777e-18
91. 910  7.6525e-18
92. 911  8.69811e-18
93. 912  9.87962e-18
94. 913  1.12138e-17
95. 914  1.27195e-17
96. 915  1.44176e-17
97. 916  1.63315e-17
98. 917  1.84874e-17
99. 918  2.09144e-17
100. 919  2.36448e-17
101. 920  2.67148e-17
102. 921  3.01648e-17
103. 922  3.40393e-17
104. 923  3.83883e-17
105. 924  4.32671e-17
106. 925  4.87371e-17
107. 926  5.48668e-17
108. 927  6.17318e-17
109. 928  6.94163e-17
110. 929  7.80137e-17
111. 930  8.76272e-17
112. 931  9.83715e-17
113. 932  1.10373e-16
114. 933  1.23773e-16
115. 934  1.38727e-16
116. 935  1.55406e-16
117. 936  1.74e-16
118. 937  1.94719e-16
119. 938  2.17795e-16
120. 939  2.43485e-16
121. 940  2.7207e-16
122. 941  3.03862e-16
123. 942  3.39206e-16
124. 943  3.78479e-16
125. 944  4.221e-16
126. 945  4.70527e-16
127. 946  5.24268e-16
128. 947  5.83879e-16
129. 948  6.49972e-16
130. 949  7.23222e-16
131. 950  8.04368e-16
132. 951  8.94226e-16
133. 952  9.93688e-16
134. 953  1.10374e-15
135. 954  1.22545e-15
136. 955  1.36e-15
137. 956  1.5087e-15
138. 957  1.67296e-15
139. 958  1.85434e-15
140. 959  2.05455e-15
141. 960  2.27545e-15
142. 961  2.5191e-15
143. 962  2.78773e-15
144. 963  3.08379e-15
145. 964  3.40996e-15
146. 965  3.76917e-15
147. 966  4.16464e-15
148. 967  4.59984e-15
149. 968  5.07862e-15
150. 969  5.60514e-15
151. 970  6.18395e-15
152. 971  6.82004e-15
153. 972  7.51882e-15
154. 973  8.28621e-15
155. 974  9.12866e-15
156. 975  1.00532e-14
157. 976  1.10675e-14
158. 977  1.21798e-14
159. 978  1.33993e-14
160. 979  1.47359e-14
161. 980  1.62002e-14
162. 981  1.78041e-14
163. 982  1.95601e-14
164. 983  2.14823e-14
165. 984  2.35855e-14
166. 985  2.58862e-14
167. 986  2.8402e-14
168. 987  3.11523e-14
169. 988  3.4158e-14
170. 989  3.74418e-14
171. 990  4.10283e-14
172. 991  4.49443e-14
173. 992  4.92188e-14
174. 993  5.38831e-14
175. 994  5.89714e-14
176. 995  6.45206e-14
177. 996  7.05706e-14
178. 997  7.71648e-14
179. 998  8.435e-14
180. 999  9.2177e-14
181. 1000  1.00701e-13
182. 1001  1.0998e-13
183. 1002  1.20081e-13
184. 1003  1.31071e-13
185. 1004  1.43026e-13
186. 1005  1.56027e-13
187. 1006  1.70161e-13
188. 1007  1.85525e-13
189. 1008  2.02219e-13
190. 1009  2.20355e-13
191. 1010  2.40051e-13
192. 1011  2.61436e-13
193. 1012  2.84649e-13
194. 1013  3.0984e-13
195. 1014  3.37169e-13
196. 1015  3.66812e-13
197. 1016  3.98956e-13
198. 1017  4.33802e-13
199. 1018  4.71569e-13
200. 1019  5.1249e-13
201. 1020  5.5682e-13
202. 1021  6.04828e-13
203. 1022  6.56809e-13
204. 1023  7.13076e-13
205. 1024  7.73969e-13
206. 1025  8.39851e-13
207. 1026  9.11115e-13
208. 1027  9.88182e-13
209. 1028  1.0715e-12
210. 1029  1.16157e-12
211. 1030  1.2589e-12
212. 1031  1.36405e-12
213. 1032  1.47763e-12
214. 1033  1.60029e-12
215. 1034  1.73272e-12
216. 1035  1.87566e-12
217. 1036  2.02992e-12
218. 1037  2.19635e-12
219. 1038  2.37588e-12
220. 1039  2.56949e-12
221. 1040  2.77824e-12
222. 1041  3.00326e-12
223. 1042  3.24577e-12
224. 1043  3.50707e-12
225. 1044  3.78856e-12
226. 1045  4.09172e-12
227. 1046  4.41816e-12
228. 1047  4.76958e-12
229. 1048  5.14783e-12
230. 1049  5.55486e-12
231. 1050  5.99277e-12
232. 1051  6.4638e-12
233. 1052  6.97035e-12
234. 1053  7.51498e-12
235. 1054  8.10045e-12
236. 1055  8.72967e-12
237. 1056  9.40579e-12
238. 1057  1.01321e-11
239. 1058  1.09123e-11
240. 1059  1.17501e-11
241. 1060  1.26496e-11
242. 1061  1.36151e-11
243. 1062  1.46514e-11
244. 1063  1.57633e-11
245. 1064  1.69561e-11
246. 1065  1.82356e-11
247. 1066  1.96076e-11
248. 1067  2.10786e-11
249. 1068  2.26555e-11
250. 1069  2.43456e-11
251. 1070  2.61565e-11
252. 1071  2.80967e-11
253. 1072  3.01749e-11
254. 1073  3.24004e-11
255. 1074  3.47834e-11
256. 1075  3.73345e-11
257. 1076  4.0065e-11
258. 1077  4.2987e-11
259. 1078  4.61133e-11
260. 1079  4.94576e-11
261. 1080  5.30345e-11
262. 1081  5.68595e-11
263. 1082  6.09489e-11
264. 1083  6.53203e-11
265. 1084  6.99922e-11
266. 1085  7.49845e-11
267. 1086  8.03182e-11
268. 1087  8.60155e-11
269. 1088  9.21003e-11
270. 1089  9.85976e-11
271. 1090  1.05534e-10
272. 1091  1.12939e-10
273. 1092  1.20841e-10
274. 1093  1.29273e-10
275. 1094  1.3827e-10
276. 1095  1.47866e-10
277. 1096  1.581e-10
278. 1097  1.69013e-10
279. 1098  1.80648e-10
280. 1099  1.93051e-10
281. 1100  2.06269e-10
282. 1101  2.20354e-10
283. 1102  2.35361e-10
284. 1103  2.51347e-10
285. 1104  2.68374e-10
286. 1105  2.86505e-10
287. 1106  3.05809e-10
288. 1107  3.26359e-10
289. 1108  3.48232e-10
290. 1109  3.71509e-10
291. 1110  3.96277e-10
292. 1111  4.22625e-10
293. 1112  4.50651e-10
294. 1113  4.80457e-10
295. 1114  5.1215e-10
296. 1115  5.45846e-10
297. 1116  5.81664e-10
298. 1117  6.19732e-10
299. 1118  6.60185e-10
300. 1119  7.03166e-10
301. 1120  7.48826e-10
302. 1121  7.97324e-10
303. 1122  8.48828e-10
304. 1123  9.03517e-10
305. 1124  9.61577e-10
306. 1125  1.02321e-09
307. 1126  1.08862e-09
308. 1127  1.15803e-09
309. 1128  1.23168e-09
310. 1129  1.30981e-09
311. 1130  1.39268e-09
312. 1131  1.48057e-09
313. 1132  1.57376e-09
314. 1133  1.67257e-09
315. 1134  1.7773e-09
316. 1135  1.88831e-09
317. 1136  2.00596e-09
318. 1137  2.13061e-09
319. 1138  2.26267e-09
320. 1139  2.40255e-09
321. 1140  2.55071e-09
322. 1141  2.7076e-09
323. 1142  2.87372e-09
324. 1143  3.04958e-09
325. 1144  3.23573e-09
326. 1145  3.43274e-09
327. 1146  3.64122e-09
328. 1147  3.86179e-09
329. 1148  4.09514e-09
330. 1149  4.34196e-09
331. 1150  4.603e-09
332. 1151  4.87903e-09
333. 1152  5.17088e-09
334. 1153  5.47941e-09
335. 1154  5.80552e-09
336. 1155  6.15017e-09
337. 1156  6.51437e-09
338. 1157  6.89917e-09
339. 1158  7.30567e-09
340. 1159  7.73505e-09
341. 1160  8.18853e-09
342. 1161  8.66739e-09
343. 1162  9.17299e-09
344. 1163  9.70675e-09
345. 1164  1.02702e-08
346. 1165  1.08648e-08
347. 1166  1.14923e-08
348. 1167  1.21543e-08
349. 1168  1.28528e-08
350. 1169  1.35896e-08
351. 1170  1.43667e-08
352. 1171  1.51862e-08
353. 1172  1.60502e-08
354. 1173  1.69612e-08
355. 1174  1.79215e-08
356. 1175  1.89337e-08
357. 1176  2.00004e-08
358. 1177  2.11244e-08
359. 1178  2.23086e-08
360. 1179  2.35562e-08
361. 1180  2.48702e-08
362. 1181  2.62542e-08
363. 1182  2.77115e-08
364. 1183  2.9246e-08
365. 1184  3.08615e-08
366. 1185  3.2562e-08
367. 1186  3.43518e-08
368. 1187  3.62353e-08
369. 1188  3.82173e-08
370. 1189  4.03026e-08
371. 1190  4.24962e-08
372. 1191  4.48036e-08
373. 1192  4.72303e-08
374. 1193  4.97821e-08
375. 1194  5.24653e-08
376. 1195  5.52862e-08
377. 1196  5.82516e-08
378. 1197  6.13683e-08
379. 1198  6.46438e-08
380. 1199  6.80857e-08
381. 1200  7.1702e-08
382. 1201  7.55012e-08
383. 1202  7.94919e-08
384. 1203  8.36833e-08
385. 1204  8.8085e-08
386. 1205  9.27069e-08
387. 1206  9.75596e-08
388. 1207  1.02654e-07
389. 1208  1.08001e-07
390. 1209  1.13613e-07
391. 1210  1.19503e-07
392. 1211  1.25682e-07
393. 1212  1.32166e-07
394. 1213  1.38967e-07
395. 1214  1.46101e-07
396. 1215  1.53584e-07
397. 1216  1.6143e-07
398. 1217  1.69657e-07
399. 1218  1.78283e-07
400. 1219  1.87325e-07
401. 1220  1.96803e-07
402. 1221  2.06737e-07
403. 1222  2.17146e-07
404. 1223  2.28054e-07
405. 1224  2.39481e-07
406. 1225  2.51452e-07
407. 1226  2.63992e-07
408. 1227  2.77124e-07
409. 1228  2.90877e-07
410. 1229  3.05278e-07
411. 1230  3.20355e-07
412. 1231  3.36139e-07
413. 1232  3.5266e-07
414. 1233  3.69952e-07
415. 1234  3.88047e-07
416. 1235  4.06983e-07
417. 1236  4.26794e-07
418. 1237  4.4752e-07
419. 1238  4.69199e-07
420. 1239  4.91875e-07
421. 1240  5.15589e-07
422. 1241  5.40387e-07
423. 1242  5.66314e-07
424. 1243  5.93421e-07
425. 1244  6.21756e-07
426. 1245  6.51373e-07
427. 1246  6.82327e-07
428. 1247  7.14673e-07
429. 1248  7.48471e-07
430. 1249  7.83783e-07
431. 1250  8.20672e-07
432. 1251  8.59204e-07
433. 1252  8.99448e-07
434. 1253  9.41476e-07
435. 1254  9.85362e-07
436. 1255  1.03118e-06
437. 1256  1.07902e-06
438. 1257  1.12896e-06
439. 1258  1.18108e-06
440. 1259  1.23547e-06
441. 1260  1.29224e-06
442. 1261  1.35147e-06
443. 1262  1.41327e-06
444. 1263  1.47773e-06
445. 1264  1.54498e-06
446. 1265  1.61512e-06
447. 1266  1.68826e-06
448. 1267  1.76454e-06
449. 1268  1.84407e-06
450. 1269  1.92698e-06
451. 1270  2.01341e-06
452. 1271  2.10351e-06
453. 1272  2.1974e-06
454. 1273  2.29526e-06
455. 1274  2.39722e-06
456. 1275  2.50346e-06
457. 1276  2.61414e-06
458. 1277  2.72944e-06
459. 1278  2.84953e-06
460. 1279  2.97461e-06
461. 1280  3.10486e-06
462. 1281  3.24048e-06
463. 1282  3.38169e-06
464. 1283  3.5287e-06
465. 1284  3.68173e-06
466. 1285  3.84101e-06
467. 1286  4.00679e-06
468. 1287  4.1793e-06
469. 1288  4.3588e-06
470. 1289  4.54557e-06
471. 1290  4.73987e-06
472. 1291  4.94198e-06
473. 1292  5.15221e-06
474. 1293  5.37085e-06
475. 1294  5.59821e-06
476. 1295  5.83464e-06
477. 1296  6.08045e-06
478. 1297  6.336e-06
479. 1298  6.60164e-06
480. 1299  6.87776e-06
481. 1300  7.16473e-06
482. 1301  7.46295e-06
483. 1302  7.77283e-06
484. 1303  8.0948e-06
485. 1304  8.4293e-06
486. 1305  8.77677e-06
487. 1306  9.1377e-06
488. 1307  9.51255e-06
489. 1308  9.90184e-06
490. 1309  1.03061e-05
491. 1310  1.07258e-05
492. 1311  1.11616e-05
493. 1312  1.16139e-05
494. 1313  1.20835e-05
495. 1314  1.25708e-05
496. 1315  1.30766e-05
497. 1316  1.36015e-05
498. 1317  1.4146e-05
499. 1318  1.47111e-05
500. 1319  1.52972e-05
501. 1320  1.59053e-05
502. 1321  1.65359e-05
503. 1322  1.719e-05
504. 1323  1.78683e-05
505. 1324  1.85716e-05
506. 1325  1.93009e-05
507. 1326  2.00569e-05
508. 1327  2.08406e-05
509. 1328  2.1653e-05
510. 1329  2.24949e-05
511. 1330  2.33675e-05
512. 1331  2.42717e-05
513. 1332  2.52086e-05
514. 1333  2.61793e-05
515. 1334  2.71848e-05
516. 1335  2.82265e-05
517. 1336  2.93054e-05
518. 1337  3.04228e-05
519. 1338  3.158e-05
520. 1339  3.27783e-05
521. 1340  3.40189e-05
522. 1341  3.53034e-05
523. 1342  3.6633e-05
524. 1343  3.80094e-05
525. 1344  3.9434e-05
526. 1345  4.09083e-05
527. 1346  4.2434e-05
528. 1347  4.40126e-05
529. 1348  4.5646e-05
530. 1349  4.73358e-05
531. 1350  4.90838e-05
532. 1351  5.0892e-05
533. 1352  5.2762e-05
534. 1353  5.46961e-05
535. 1354  5.6696e-05
536. 1355  5.87639e-05
537. 1356  6.0902e-05
538. 1357  6.31123e-05
539. 1358  6.53972e-05
540. 1359  6.77589e-05
541. 1360  7.01999e-05
542. 1361  7.27225e-05
543. 1362  7.53292e-05
544. 1363  7.80227e-05
545. 1364  8.08055e-05
546. 1365  8.36804e-05
547. 1366  8.66501e-05
548. 1367  8.97176e-05
549. 1368  9.28857e-05
550. 1369  9.61575e-05
551. 1370  9.95361e-05
552. 1371  0.000103025
553. 1372  0.000106626
554. 1373  0.000110345
555. 1374  0.000114183
556. 1375  0.000118145
557. 1376  0.000122234
558. 1377  0.000126454
559. 1378  0.000130809
560. 1379  0.000135302
561. 1380  0.000139938
562. 1381  0.000144721
563. 1382  0.000149654
564. 1383  0.000154743
565. 1384  0.000159992
566. 1385  0.000165405
567. 1386  0.000170987
568. 1387  0.000176743
569. 1388  0.000182677
570. 1389  0.000188795
571. 1390  0.000195102
572. 1391  0.000201603
573. 1392  0.000208304
574. 1393  0.000215209
575. 1394  0.000222326
576. 1395  0.000229659
577. 1396  0.000237214
578. 1397  0.000244999
579. 1398  0.000253018
580. 1399  0.000261278
581. 1400  0.000269786
582. 1401  0.000278549
583. 1402  0.000287573
584. 1403  0.000296865
585. 1404  0.000306433
586. 1405  0.000316284
587. 1406  0.000326426
588. 1407  0.000336866
589. 1408  0.000347612
590. 1409  0.000358672
591. 1410  0.000370054
592. 1411  0.000381767
593. 1412  0.00039382
594. 1413  0.000406221
595. 1414  0.000418979
596. 1415  0.000432103
597. 1416  0.000445604
598. 1417  0.00045949
599. 1418  0.000473772
600. 1419  0.000488459
601. 1420  0.000503562
602. 1421  0.000519091
603. 1422  0.000535057
604. 1423  0.000551471
605. 1424  0.000568344
606. 1425  0.000585688
607. 1426  0.000603515
608. 1427  0.000621835
609. 1428  0.000640662
610. 1429  0.000660008
611. 1430  0.000679885
612. 1431  0.000700307
613. 1432  0.000721287
614. 1433  0.000742838
615. 1434  0.000764974
616. 1435  0.00078771
617. 1436  0.000811058
618. 1437  0.000835035
619. 1438  0.000859656
620. 1439  0.000884934
621. 1440  0.000910887
622. 1441  0.000937529
623. 1442  0.000964877
624. 1443  0.000992947
625. 1444  0.00102176
626. 1445  0.00105132
627. 1446  0.00108166
628. 1447  0.00111279
629. 1448  0.00114474
630. 1449  0.00117751
631. 1450  0.00121112
632. 1451  0.00124561
633. 1452  0.00128097
634. 1453  0.00131725
635. 1454  0.00135445
636. 1455  0.0013926
637. 1456  0.00143171
638. 1457  0.00147182
639. 1458  0.00151293
640. 1459  0.00155508
641. 1460  0.00159828
642. 1461  0.00164257
643. 1462  0.00168795
644. 1463  0.00173447
645. 1464  0.00178213
646. 1465  0.00183097
647. 1466  0.001881
648. 1467  0.00193227
649. 1468  0.00198478
650. 1469  0.00203857
651. 1470  0.00209367
652. 1471  0.0021501
653. 1472  0.00220789
654. 1473  0.00226707
655. 1474  0.00232767
656. 1475  0.00238971
657. 1476  0.00245323
658. 1477  0.00251826
659. 1478  0.00258482
660. 1479  0.00265295
661. 1480  0.00272268
662. 1481  0.00279404
663. 1482  0.00286706
664. 1483  0.00294179
665. 1484  0.00301824
666. 1485  0.00309646
667. 1486  0.00317648
668. 1487  0.00325834
669. 1488  0.00334207
670. 1489  0.0034277
671. 1490  0.00351528
672. 1491  0.00360484
673. 1492  0.00369642
674. 1493  0.00379006
675. 1494  0.0038858
676. 1495  0.00398367
677. 1496  0.00408372
678. 1497  0.00418599
679. 1498  0.00429052
680. 1499  0.00439735
681. 1500  0.00450653
682. 1501  0.00461809
683. 1502  0.00473208
684. 1503  0.00484855
685. 1504  0.00496754
686. 1505  0.00508909
687. 1506  0.00521326
688. 1507  0.00534008
689. 1508  0.00546961
690. 1509  0.00560189
691. 1510  0.00573698
692. 1511  0.00587492
693. 1512  0.00601575
694. 1513  0.00615955
695. 1514  0.00630634
696. 1515  0.00645619
697. 1516  0.00660914
698. 1517  0.00676526
699. 1518  0.00692459
700. 1519  0.00708718
701. 1520  0.0072531
702. 1521  0.0074224
703. 1522  0.00759513
704. 1523  0.00777135
705. 1524  0.00795112
706. 1525  0.0081345
707. 1526  0.00832154
708. 1527  0.00851231
709. 1528  0.00870686
710. 1529  0.00890526
711. 1530  0.00910756
712. 1531  0.00931384
713. 1532  0.00952414
714. 1533  0.00973854
715. 1534  0.0099571
716. 1535  0.0101799
717. 1536  0.010407
718. 1537  0.0106384
719. 1538  0.0108742
720. 1539  0.0111146
721. 1540  0.0113594
722. 1541  0.011609
723. 1542  0.0118632
724. 1543  0.0121221
725. 1544  0.0123859
726. 1545  0.0126546
727. 1546  0.0129283
728. 1547  0.0132071
729. 1548  0.0134909
730. 1549  0.01378
731. 1550  0.0140743
732. 1551  0.0143739
733. 1552  0.014679
734. 1553  0.0149896
735. 1554  0.0153057
736. 1555  0.0156275
737. 1556  0.015955
738. 1557  0.0162883
739. 1558  0.0166275
740. 1559  0.0169727
741. 1560  0.0173239
742. 1561  0.0176812
743. 1562  0.0180447
744. 1563  0.0184145
745. 1564  0.0187907
746. 1565  0.0191733
747. 1566  0.0195625
748. 1567  0.0199582
749. 1568  0.0203607
750. 1569  0.02077
751. 1570  0.0211861
752. 1571  0.0216092
753. 1572  0.0220393
754. 1573  0.0224765
755. 1574  0.022921
756. 1575  0.0233727
757. 1576  0.0238319
758. 1577  0.0242985
759. 1578  0.0247727
760. 1579  0.0252546
761. 1580  0.0257442
762. 1581  0.0262416
763. 1582  0.0267469
764. 1583  0.0272603
765. 1584  0.0277818
766. 1585  0.0283114
767. 1586  0.0288494
768. 1587  0.0293957
769. 1588  0.0299505
770. 1589  0.0305139
771. 1590  0.031086
772. 1591  0.0316667
773. 1592  0.0322563
774. 1593  0.0328549
775. 1594  0.0334625
776. 1595  0.0340792
777. 1596  0.0347051
778. 1597  0.0353403
779. 1598  0.035985
780. 1599  0.0366391
781. 1600  0.0373028
782. 1601  0.0379762
783. 1602  0.0386594
784. 1603  0.0393525
785. 1604  0.0400555
786. 1605  0.0407686
787. 1606  0.0414919
788. 1607  0.0422254
789. 1608  0.0429692
790. 1609  0.0437235
791. 1610  0.0444884
792. 1611  0.0452638
793. 1612  0.04605
794. 1613  0.046847
795. 1614  0.0476549
796. 1615  0.0484738
797. 1616  0.0493038
798. 1617  0.050145
799. 1618  0.0509974
800. 1619  0.0518613
801. 1620  0.0527366
802. 1621  0.0536235
803. 1622  0.054522
804. 1623  0.0554322
805. 1624  0.0563543
806. 1625  0.0572883
807. 1626  0.0582344
808. 1627  0.0591925
809. 1628  0.0601628
810. 1629  0.0611454
811. 1630  0.0621403
812. 1631  0.0631477
813. 1632  0.0641677
814. 1633  0.0652002
815. 1634  0.0662455
816. 1635  0.0673036
817. 1636  0.0683746
818. 1637  0.0694585
819. 1638  0.0705554
820. 1639  0.0716655
821. 1640  0.0727888
822. 1641  0.0739254
823. 1642  0.0750754
824. 1643  0.0762388
825. 1644  0.0774157
826. 1645  0.0786063
827. 1646  0.0798105
828. 1647  0.0810285
829. 1648  0.0822603
830. 1649  0.083506
831. 1650  0.0847657
832. 1651  0.0860394
833. 1652  0.0873273
834. 1653  0.0886293
835. 1654  0.0899456
836. 1655  0.0912763
837. 1656  0.0926213
838. 1657  0.0939807
839. 1658  0.0953547
840. 1659  0.0967432
841. 1660  0.0981464
842. 1661  0.0995643
843. 1662  0.100997
844. 1663  0.102444
845. 1664  0.103907
846. 1665  0.105384
847. 1666  0.106876
848. 1667  0.108383
849. 1668  0.109906
850. 1669  0.111443
851. 1670  0.112996
852. 1671  0.114564
853. 1672  0.116147
854. 1673  0.117745
855. 1674  0.119359
856. 1675  0.120988
857. 1676  0.122632
858. 1677  0.124292
859. 1678  0.125968
860. 1679  0.127659
861. 1680  0.129365
862. 1681  0.131088
863. 1682  0.132825
864. 1683  0.134579
865. 1684  0.136348
866. 1685  0.138133
867. 1686  0.139933
868. 1687  0.141749
869. 1688  0.143581
870. 1689  0.145429
871. 1690  0.147292
872. 1691  0.149171
873. 1692  0.151066
874. 1693  0.152977
875. 1694  0.154903
876. 1695  0.156845
877. 1696  0.158804
878. 1697  0.160777
879. 1698  0.162767
880. 1699  0.164772
881. 1700  0.166794
882. 1701  0.168831
883. 1702  0.170883
884. 1703  0.172952
885. 1704  0.175036
886. 1705  0.177136
887. 1706  0.179251
888. 1707  0.181383
889. 1708  0.183529
890. 1709  0.185692
891. 1710  0.18787
892. 1711  0.190063
893. 1712  0.192272
894. 1713  0.194497
895. 1714  0.196737
896. 1715  0.198992
897. 1716  0.201263
898. 1717  0.203549
899. 1718  0.20585
900. 1719  0.208167
901. 1720  0.210498
902. 1721  0.212845
903. 1722  0.215207
904. 1723  0.217584
905. 1724  0.219975
906. 1725  0.222382
907. 1726  0.224803
908. 1727  0.227239
909. 1728  0.22969
910. 1729  0.232155
911. 1730  0.234635
912. 1731  0.237129
913. 1732  0.239638
914. 1733  0.242161
915. 1734  0.244698
916. 1735  0.247249
917. 1736  0.249814
918. 1737  0.252393
919. 1738  0.254986
920. 1739  0.257593
921. 1740  0.260213
922. 1741  0.262847
923. 1742  0.265494
924. 1743  0.268154
925. 1744  0.270828
926. 1745  0.273515
927. 1746  0.276215
928. 1747  0.278927
929. 1748  0.281653
930. 1749  0.284391
931. 1750  0.287142
932. 1751  0.289905
933. 1752  0.29268
934. 1753  0.295467
935. 1754  0.298267
936. 1755  0.301078
937. 1756  0.303901
938. 1757  0.306736
939. 1758  0.309582
940. 1759  0.31244
941. 1760  0.315309
942. 1761  0.318189
943. 1762  0.321079
944. 1763  0.323981
945. 1764  0.326893
946. 1765  0.329816
947. 1766  0.332749
948. 1767  0.335692
949. 1768  0.338645
950. 1769  0.341608
951. 1770  0.344581
952. 1771  0.347563
953. 1772  0.350555
954. 1773  0.353556
955. 1774  0.356565
956. 1775  0.359584
957. 1776  0.362611
958. 1777  0.365647
959. 1778  0.368692
960. 1779  0.371744
961. 1780  0.374805
962. 1781  0.377873
963. 1782  0.380949
964. 1783  0.384032
965. 1784  0.387123
966. 1785  0.390221
967. 1786  0.393325
968. 1787  0.396437
969. 1788  0.399555
970. 1789  0.402679
971. 1790  0.40581
972. 1791  0.408946
973. 1792  0.412088
974. 1793  0.415236
975. 1794  0.418389
976. 1795  0.421548
977. 1796  0.424711
978. 1797  0.427879
979. 1798  0.431052
980. 1799  0.434229
981. 1800  0.437411
982. 1801  0.440596
983. 1802  0.443786
984. 1803  0.446979
985. 1804  0.450175
986. 1805  0.453374
987. 1806  0.456577
988. 1807  0.459782
989. 1808  0.46299
990. 1809  0.4662
991. 1810  0.469413
992. 1811  0.472627
993. 1812  0.475843
994. 1813  0.479061
995. 1814  0.48228
996. 1815  0.4855
997. 1816  0.488722
998. 1817  0.491943
999. 1818  0.495166
1000. 1819  0.498389
1001. 1820  0.501611
1002. 1821  0.504834
1003. 1822  0.508057
1004. 1823  0.511278
1005. 1824  0.5145
1006. 1825  0.51772
1007. 1826  0.520939
1008. 1827  0.524157
1009. 1828  0.527373
1010. 1829  0.530587
1011. 1830  0.5338
1012. 1831  0.53701
1013. 1832  0.540218
1014. 1833  0.543423
1015. 1834  0.546626
1016. 1835  0.549825
1017. 1836  0.553021
1018. 1837  0.556214
1019. 1838  0.559404
1020. 1839  0.562589
1021. 1840  0.565771
1022. 1841  0.568948
1023. 1842  0.572121
1024. 1843  0.575289
1025. 1844  0.578452
1026. 1845  0.581611
1027. 1846  0.584764
1028. 1847  0.587912
1029. 1848  0.591054
1030. 1849  0.59419
1031. 1850  0.597321
1032. 1851  0.600445
1033. 1852  0.603563
1034. 1853  0.606675
1035. 1854  0.609779
1036. 1855  0.612877
1037. 1856  0.615968
1038. 1857  0.619051
1039. 1858  0.622127
1040. 1859  0.625195
1041. 1860  0.628256
1042. 1861  0.631308
1043. 1862  0.634353
1044. 1863  0.637389
1045. 1864  0.640416
1046. 1865  0.643435
1047. 1866  0.646444
1048. 1867  0.649445
1049. 1868  0.652437
1050. 1869  0.655419
1051. 1870  0.658392
1052. 1871  0.661355
1053. 1872  0.664308
1054. 1873  0.667251
1055. 1874  0.670184
1056. 1875  0.673107
1057. 1876  0.676019
1058. 1877  0.678921
1059. 1878  0.681811
1060. 1879  0.684691
1061. 1880  0.68756
1062. 1881  0.690418
1063. 1882  0.693264
1064. 1883  0.696099
1065. 1884  0.698922
1066. 1885  0.701733
1067. 1886  0.704533
1068. 1887  0.70732
1069. 1888  0.710095
1070. 1889  0.712858
1071. 1890  0.715609
1072. 1891  0.718347
1073. 1892  0.721073
1074. 1893  0.723785
1075. 1894  0.726485
1076. 1895  0.729172
1077. 1896  0.731846
1078. 1897  0.734506
1079. 1898  0.737153
1080. 1899  0.739787
1081. 1900  0.742407
1082. 1901  0.745014
1083. 1902  0.747607
1084. 1903  0.750186
1085. 1904  0.752751
1086. 1905  0.755302
1087. 1906  0.757839
1088. 1907  0.760362
1089. 1908  0.762871
1090. 1909  0.765365
1091. 1910  0.767845
1092. 1911  0.77031
1093. 1912  0.772761
1094. 1913  0.775197
1095. 1914  0.777618
1096. 1915  0.780025
1097. 1916  0.782416
1098. 1917  0.784793
1099. 1918  0.787155
1100. 1919  0.789502
1101. 1920  0.791833
1102. 1921  0.79415
1103. 1922  0.796451
1104. 1923  0.798737
1105. 1924  0.801008
1106. 1925  0.803263
1107. 1926  0.805503
1108. 1927  0.807728
1109. 1928  0.809937
1110. 1929  0.81213
1111. 1930  0.814308
1112. 1931  0.816471
1113. 1932  0.818617
1114. 1933  0.820749
1115. 1934  0.822864
1116. 1935  0.824964
1117. 1936  0.827048
1118. 1937  0.829117
1119. 1938  0.831169
1120. 1939  0.833206
1121. 1940  0.835228
1122. 1941  0.837233
1123. 1942  0.839223
1124. 1943  0.841196
1125. 1944  0.843155
1126. 1945  0.845097
1127. 1946  0.847023
1128. 1947  0.848934
1129. 1948  0.850829
1130. 1949  0.852708
1131. 1950  0.854571
1132. 1951  0.856419
1133. 1952  0.858251
1134. 1953  0.860067
1135. 1954  0.861867
1136. 1955  0.863652
1137. 1956  0.865421
1138. 1957  0.867175
1139. 1958  0.868912
1140. 1959  0.870635
1141. 1960  0.872341
1142. 1961  0.874032
1143. 1962  0.875708
1144. 1963  0.877368
1145. 1964  0.879012
1146. 1965  0.880641
1147. 1966  0.882255
1148. 1967  0.883853
1149. 1968  0.885436
1150. 1969  0.887004
1151. 1970  0.888557
1152. 1971  0.890094
1153. 1972  0.891617
1154. 1973  0.893124
1155. 1974  0.894616
1156. 1975  0.896093
1157. 1976  0.897556
1158. 1977  0.899003
1159. 1978  0.900436
1160. 1979  0.901854
1161. 1980  0.903257
1162. 1981  0.904645
1163. 1982  0.906019
1164. 1983  0.907379
1165. 1984  0.908724
1166. 1985  0.910054
1167. 1986  0.911371
1168. 1987  0.912673
1169. 1988  0.913961
1170. 1989  0.915234
1171. 1990  0.916494
1172. 1991  0.91774
1173. 1992  0.918972
1174. 1993  0.920189
1175. 1994  0.921394
1176. 1995  0.922584
1177. 1996  0.923761
1178. 1997  0.924925
1179. 1998  0.926075
1180. 1999  0.927211
1181. 2000  0.928334
1182. 2001  0.929445
1183. 2002  0.930542
1184. 2003  0.931625
1185. 2004  0.932696
1186. 2005  0.933754
1187. 2006  0.9348
1188. 2007  0.935832
1189. 2008  0.936852
1190. 2009  0.93786
1191. 2010  0.938855
1192. 2011  0.939837
1193. 2012  0.940808
1194. 2013  0.941766
1195. 2014  0.942712
1196. 2015  0.943646
1197. 2016  0.944568
1198. 2017  0.945478
1199. 2018  0.946377
1200. 2019  0.947263
1201. 2020  0.948139
1202. 2021  0.949003
1203. 2022  0.949855
1204. 2023  0.950696
1205. 2024  0.951526
1206. 2025  0.952345
1207. 2026  0.953153
1208. 2027  0.95395
1209. 2028  0.954736
1210. 2029  0.955512
1211. 2030  0.956276
1212. 2031  0.957031
1213. 2032  0.957775
1214. 2033  0.958508
1215. 2034  0.959231
1216. 2035  0.959944
1217. 2036  0.960648
1218. 2037  0.961341
1219. 2038  0.962024
1220. 2039  0.962697
1221. 2040  0.963361
1222. 2041  0.964015
1223. 2042  0.96466
1224. 2043  0.965295
1225. 2044  0.965921
1226. 2045  0.966538
1227. 2046  0.967145
1228. 2047  0.967744
1229. 2048  0.968333
1230. 2049  0.968914
1231. 2050  0.969486
1232. 2051  0.970049
1233. 2052  0.970604
1234. 2053  0.971151
1235. 2054  0.971689
1236. 2055  0.972218
1237. 2056  0.97274
1238. 2057  0.973253
1239. 2058  0.973758
1240. 2059  0.974256
1241. 2060  0.974745
1242. 2061  0.975227
1243. 2062  0.975701
1244. 2063  0.976168
1245. 2064  0.976627
1246. 2065  0.977079
1247. 2066  0.977523
1248. 2067  0.977961
1249. 2068  0.978391
1250. 2069  0.978814
1251. 2070  0.97923
1252. 2071  0.979639
1253. 2072  0.980042
1254. 2073  0.980438
1255. 2074  0.980827
1256. 2075  0.981209
1257. 2076  0.981585
1258. 2077  0.981955
1259. 2078  0.982319
1260. 2079  0.982676
1261. 2080  0.983027
1262. 2081  0.983372
1263. 2082  0.983712
1264. 2083  0.984045
1265. 2084  0.984373
1266. 2085  0.984694
1267. 2086  0.98501
1268. 2087  0.985321
1269. 2088  0.985626
1270. 2089  0.985926
1271. 2090  0.98622
1272. 2091  0.986509
1273. 2092  0.986793
1274. 2093  0.987072
1275. 2094  0.987345
1276. 2095  0.987614
1277. 2096  0.987878
1278. 2097  0.988137
1279. 2098  0.988391
1280. 2099  0.988641
1281. 2100  0.988885
1282. 2101  0.989126
1283. 2102  0.989362
1284. 2103  0.989593
1285. 2104  0.98982
1286. 2105  0.990043
1287. 2106  0.990261
1288. 2107  0.990476
1289. 2108  0.990686
1290. 2109  0.990892
1291. 2110  0.991095
1292. 2111  0.991293
1293. 2112  0.991488
1294. 2113  0.991678
1295. 2114  0.991866
1296. 2115  0.992049
1297. 2116  0.992229
1298. 2117  0.992405
1299. 2118  0.992578
1300. 2119  0.992747
1301. 2120  0.992913
1302. 2121  0.993075
1303. 2122  0.993235
1304. 2123  0.993391
1305. 2124  0.993544
1306. 2125  0.993694
1307. 2126  0.99384
1308. 2127  0.993984
1309. 2128  0.994125
1310. 2129  0.994263
1311. 2130  0.994398
1312. 2131  0.99453
1313. 2132  0.99466
1314. 2133  0.994787
1315. 2134  0.994911
1316. 2135  0.995032
1317. 2136  0.995151
1318. 2137  0.995268
1319. 2138  0.995382
1320. 2139  0.995493
1321. 2140  0.995603
1322. 2141  0.995709
1323. 2142  0.995814
1324. 2143  0.995916
1325. 2144  0.996016
1326. 2145  0.996114
1327. 2146  0.99621
1328. 2147  0.996304
1329. 2148  0.996395
1330. 2149  0.996485
1331. 2150  0.996572
1332. 2151  0.996658
1333. 2152  0.996742
1334. 2153  0.996824
1335. 2154  0.996904
1336. 2155  0.996982
1337. 2156  0.997058
1338. 2157  0.997133
1339. 2158  0.997206
1340. 2159  0.997277
1341. 2160  0.997347
1342. 2161  0.997415
1343. 2162  0.997482
1344. 2163  0.997547
1345. 2164  0.99761
1346. 2165  0.997672
1347. 2166  0.997733
1348. 2167  0.997792
1349. 2168  0.99785
1350. 2169  0.997906
1351. 2170  0.997961
1352. 2171  0.998015
1353. 2172  0.998068
1354. 2173  0.998119
1355. 2174  0.998169
1356. 2175  0.998218
1357. 2176  0.998266
1358. 2177  0.998312
1359. 2178  0.998357
1360. 2179  0.998402
1361. 2180  0.998445
1362. 2181  0.998487
1363. 2182  0.998528
1364. 2183  0.998568
1365. 2184  0.998607
1366. 2185  0.998646
1367. 2186  0.998683
1368. 2187  0.998719
1369. 2188  0.998754
1370. 2189  0.998789
1371. 2190  0.998822
1372. 2191  0.998855
1373. 2192  0.998887
1374. 2193  0.998918
1375. 2194  0.998949
1376. 2195  0.998978
1377. 2196  0.999007
1378. 2197  0.999035
1379. 2198  0.999062
1380. 2199  0.999089
1381. 2200  0.999115
1382. 2201  0.99914
1383. 2202  0.999165
1384. 2203  0.999189
1385. 2204  0.999212
1386. 2205  0.999235
1387. 2206  0.999257
1388. 2207  0.999279
1389. 2208  0.9993
1390. 2209  0.99932
1391. 2210  0.99934
1392. 2211  0.999359
1393. 2212  0.999378
1394. 2213  0.999396
1395. 2214  0.999414
1396. 2215  0.999432
1397. 2216  0.999449
1398. 2217  0.999465
1399. 2218  0.999481
1400. 2219  0.999496
1401. 2220  0.999512
1402. 2221  0.999526
1403. 2222  0.999541
1404. 2223  0.999554
1405. 2224  0.999568
1406. 2225  0.999581
1407. 2226  0.999594
1408. 2227  0.999606
1409. 2228  0.999618
1410. 2229  0.99963
1411. 2230  0.999641
1412. 2231  0.999652
1413. 2232  0.999663
1414. 2233  0.999674
1415. 2234  0.999684
1416. 2235  0.999694
1417. 2236  0.999703
1418. 2237  0.999712
1419. 2238  0.999721
1420. 2239  0.99973
1421. 2240  0.999739
1422. 2241  0.999747
1423. 2242  0.999755
1424. 2243  0.999763
1425. 2244  0.99977
1426. 2245  0.999778
1427. 2246  0.999785
1428. 2247  0.999792
1429. 2248  0.999798
1430. 2249  0.999805
1431. 2250  0.999811
1432. 2251  0.999817
1433. 2252  0.999823
1434. 2253  0.999829
1435. 2254  0.999835
1436. 2255  0.99984
1437. 2256  0.999845
1438. 2257  0.99985
1439. 2258  0.999855
1440. 2259  0.99986
1441. 2260  0.999865
1442. 2261  0.999869
1443. 2262  0.999874
1444. 2263  0.999878
1445. 2264  0.999882
1446. 2265  0.999886
1447. 2266  0.99989
1448. 2267  0.999893
1449. 2268  0.999897
1450. 2269  0.9999
1451. 2270  0.999904
1452. 2271  0.999907
1453. 2272  0.99991
1454. 2273  0.999913
1455. 2274  0.999916
1456. 2275  0.999919
1457. 2276  0.999922
1458. 2277  0.999925
1459. 2278  0.999927
1460. 2279  0.99993
1461. 2280  0.999932
1462. 2281  0.999935
1463. 2282  0.999937
1464. 2283  0.999939
1465. 2284  0.999941
1466. 2285  0.999943
1467. 2286  0.999945
1468. 2287  0.999947
1469. 2288  0.999949
1470. 2289  0.999951
1471. 2290  0.999953
1472. 2291  0.999954
1473. 2292  0.999956
1474. 2293  0.999958
1475. 2294  0.999959
1476. 2295  0.999961
1477. 2296  0.999962
1478. 2297  0.999963
1479. 2298  0.999965
1480. 2299  0.999966
1481. 2300  0.999967
1482. 2301  0.999968
1483. 2302  0.99997
1484. 2303  0.999971
1485. 2304  0.999972
1486. 2305  0.999973
1487. 2306  0.999974
1488. 2307  0.999975
1489. 2308  0.999976
1490. 2309  0.999977
1491. 2310  0.999978
1492. 2311  0.999978
1493. 2312  0.999979
1494. 2313  0.99998
1495. 2314  0.999981
1496. 2315  0.999981
1497. 2316  0.999982
1498. 2317  0.999983
1499. 2318  0.999983
1500. 2319  0.999984
1501. 2320  0.999985
1502. 2321  0.999985
1503. 2322  0.999986
1504. 2323  0.999986
1505. 2324  0.999987
1506. 2325  0.999987
1507. 2326  0.999988
1508. 2327  0.999988
1509. 2328  0.999989
1510. 2329  0.999989
1511. 2330  0.99999
1512. 2331  0.99999
1513. 2332  0.99999
1514. 2333  0.999991
1515. 2334  0.999991
1516. 2335  0.999992
1517. 2336  0.999992
1518. 2337  0.999992
1519. 2338  0.999993
1520. 2339  0.999993
1521. 2340  0.999993
1522. 2341  0.999993
1523. 2342  0.999994
1524. 2343  0.999994
1525. 2344  0.999994
1526. 2345  0.999994
1527. 2346  0.999995
1528. 2347  0.999995
1529. 2348  0.999995
1530. 2349  0.999995
1531. 2350  0.999995
1532. 2351  0.999996
1533. 2352  0.999996
1534. 2353  0.999996
1535. 2354  0.999996
1536. 2355  0.999996
1537. 2356  0.999996
1538. 2357  0.999997
1539. 2358  0.999997
1540. 2359  0.999997
1541. 2360  0.999997
1542. 2361  0.999997
1543. 2362  0.999997
1544. 2363  0.999997
1545. 2364  0.999997
1546. 2365  0.999998
1547. 2366  0.999998
1548. 2367  0.999998
1549. 2368  0.999998
1550. 2369  0.999998
1551. 2370  0.999998
1552. 2371  0.999998
1553. 2372  0.999998
1554. 2373  0.999998
1555. 2374  0.999998
1556. 2375  0.999998
1557. 2376  0.999999
1558. 2377  0.999999
1559. 2378  0.999999
1560. 2379  0.999999
1561. 2380  0.999999
1562. 2381  0.999999
1563. 2382  0.999999
1564. 2383  0.999999
1565. 2384  0.999999
1566. 2385  0.999999
1567. 2386  0.999999
1568. 2387  0.999999
1569. 2388  0.999999
1570. 2389  0.999999
1571. 2390  0.999999
1572. 2391  0.999999
1573. 2392  0.999999
1574. 2393  0.999999
1575. 2394  0.999999
1576. 2395  0.999999
1577. 2396  0.999999
1578. 2397  0.999999
1579. 2398  0.999999
1580. 2399  0.999999
1581. 2400  1
1582. 2401  1
1583. 2402  1
1584. 2403  1
1585. 2404  1
1586. 2405  1
1587. 2406  1
1588. 2407  1
1589. 2408  1
1590. 2409  1
1591. 2410  1
1592. 2411  1
1593. 2412  1
1594. 2413  1
1595. 2414  1
1596. 2415  1
1597. 2416  1
1598. 2417  1
1599. 2418  1
1600. 2419  1
1601. 2420  1
1602. 2421  1
1603. 2422  1
1604. 2423  1
1605. 2424  1
1606. 2425  1
1607. 2426  1
1608. 2427  1
1609. 2428  1
1610. 2429  1
1611. 2430  1
1612. 2431  1
1613. 2432  1
1614. 2433  1
1615. 2434  1
1616. 2435  1
1617. 2436  1
1618. 2437  1
1619. 2438  1
1620. 2439  1
1621. 2440  1
1622. 2441  1
1623. 2442  1
1624. 2443  1
1625. 2444  1
1626. 2445  1
1627. 2446  1
1628. 2447  1
1629. 2448  1
1630. 2449  1
1631. 2450  1
1632. 2451  1
1633. 2452  1
1634. 2453  1
1635. 2454  1
1636. 2455  1
1637. 2456  1
1638. 2457  1
1639. 2458  1
1640. 2459  1
1641. 2460  1
1642. 2461  1
1643. 2462  1
1644. 2463  1
1645. 2464  1
1646. 2465  1
1647. 2466  1
1648. 2467  1
1649. 2468  1
1650. 2469  1
1651. 2470  1
1652. 2471  1
1653. 2472  1
1654. 2473  1
1655. 2474  1
1656. 2475  1
1657. 2476  1
1658. 2477  1
1659. 2478  1
1660. 2479  1
1661. 2480  1
1662. 2481  1
1663. 2482  1
1664. 2483  1
1665. 2484  1
1666. 2485  1
1667. 2486  1
1668. 2487  1
1669. 2488  1
1670. 2489  1
1671. 2490  1
1672. 2491  1
1673. 2492  1
1674. 2493  1
1675. 2494  1
1676. 2495  1
1677. 2496  1
1678. 2497  1
1679. 2498  1
1680. 2499  1
1681. 2500  1
1682. 2501  1
1683. 2502  1
1684. 2503  1
1685. 2504  1
1686. 2505  1
1687. 2506  1
1688. 2507  1
1689. 2508  1
1690. 2509  1
1691. 2510  1
1692. 2511  1
1693. 2512  1
1694. 2513  1
1695. 2514  1
1696. 2515  1
1697. 2516  1
1698. 2517  1
1699. 2518  1
1700. 2519  1
1701. 2520  1
1702. 2521  1
1703. 2522  1
1704. 2523  1
1705. 2524  1
1706. 2525  1
1707. 2526  1
1708. 2527  1
1709. 2528  1
1710. 2529  1
1711. 2530  1
1712. 2531  1
1713. 2532  1
1714. 2533  1
1715. 2534  1
1716. 2535  1
1717. 2536  1
1718. 2537  1
1719. 2538  1
1720. 2539  1
1721. 2540  1
1722. 2541  1
1723. 2542  1
1724. 2543  1
1725. 2544  1
1726. 2545  1
1727. 2546  1
1728. 2547  1
1729. 2548  1
1730. 2549  1
1731. 2550  1
1732. 2551  1
1733. 2552  1
1734. 2553  1
1735. 2554  1
1736. 2555  1
1737. 2556  1
1738. 2557  1
1739. 2558  1
1740. 2559  1
1741. 2560  1
1742. 2561  1
1743. 2562  1
1744. 2563  1
1745. 2564  1
1746. 2565  1
1747. 2566  1
1748. 2567  1
1749. 2568  1
1750. 2569  1
1751. 2570  1
1752. 2571  1
1753. 2572  1
1754. 2573  1
1755. 2574  1
1756. 2575  1
1757. 2576  1
1758. 2577  1
1759. 2578  1
1760. 2579  1
1761. 2580  1
1762. 2581  1
1763. 2582  1
1764. 2583  1
1765. 2584  1
1766. 2585  1
1767. 2586  1
1768. 2587  1
1769. 2588  1
1770. 2589  1
1771. 2590  1
1772. 2591  1
1773. 2592  1
1774. 2593  1
1775. 2594  1
1776. 2595  1
1777. 2596  1
1778. 2597  1
1779. 2598  1
1780. 2599  1
1781. 2600  1
1782. 2601  1
1783. 2602  1
1784. 2603  1
1785. 2604  1
1786. 2605  1
1787. 2606  1
1788. 2607  1
1789. 2608  1
1790. 2609  1
1791. 2610  1
1792. 2611  1
1793. 2612  1
1794. 2613  1
1795. 2614  1
1796. 2615  1
1797. 2616  1
1798. 2617  1
1799. 2618  1
1800. 2619  1
1801. 2620  1
1802. 2621  1
1803. 2622  1
1804. 2623  1
1805. 2624  1
1806. 2625  1
1807. 2626  1
1808. 2627  1
1809. 2628  1
1810. 2629  1
1811. 2630  1
1812. 2631  1
1813. 2632  1
1814. 2633  1
1815. 2634  1
1816. 2635  1
1817. 2636  1
1818. 2637  1
1819. 2638  1
1820. 2639  1
1821. 2640  1
1822. 2641  1
1823. 2642  1
1824. 2643  1
1825. 2644  1
1826. 2645  1
1827. 2646  1
1828. 2647  1
1829. 2648  1
1830. 2649  1
1831. 2650  1
1832. 2651  1
1833. 2652  1
1834. 2653  1
1835. 2654  1
1836. 2655  1
1837. 2656  1
1838. 2657  1
1839. 2658  1
1840. 2659  1
1841. 2660  1
1842. 2661  1
1843. 2662  1
1844. 2663  1
1845. 2664  1
1846. 2665  1
1847. 2666  1
1848. 2667  1
1849. 2668  1
1850. 2669  1
1851. 2670  1
1852. 2671  1
1853. 2672  1
1854. 2673  1
1855. 2674  1
1856. 2675  1
1857. 2676  1
1858. 2677  1
1859. 2678  1
1860. 2679  1
1861. 2680  1
1862. 2681  1
1863. 2682  1
1864. 2683  1
1865. 2684  1
1866. 2685  1
1867. 2686  1
1868. 2687  1
1869. 2688  1
1870. 2689  1
1871. 2690  1
1872. 2691  1
1873. 2692  1
1874. 2693  1
1875. 2694  1
1876. 2695  1
1877. 2696  1
1878. 2697  1
1879. 2698  1
1880. 2699  1
1881. 2700  1
1882. 2701  1
1883. 2702  1
1884. 2703  1
1885. 2704  1
1886. 2705  1
1887. 2706  1
1888. 2707  1
1889. 2708  1
1890. 2709  1
1891. 2710  1
1892. 2711  1
1893. 2712  1
1894. 2713  1
1895. 2714  1
1896. 2715  1
1897. 2716  1
1898. 2717  1
1899. 2718  1
1900. 2719  1
1901. 2720  1
1902. 2721  1
1903. 2722  1
1904. 2723  1
1905. 2724  1
1906. 2725  1
1907. 2726  1
1908. 2727  1
1909. 2728  1
1910. 2729  1
1911. 2730  1
1912. 2731  1
1913. 2732  1
1914. 2733  1
1915. 2734  1
1916. 2735  1
1917. 2736  1
1918. 2737  1
1919. 2738  1
1920. 2739  1
1921. 2740  1
1922. 2741  1
1923. 2742  1
1924. 2743  1
1925. 2744  1
1926. 2745  1
1927. 2746  1
1928. 2747  1
1929. 2748  1
1930. 2749  1
1931. 2750  1
1932. 2751  1
1933. 2752  1
1934. 2753  1
1935. 2754  1
1936. 2755  1
1937. 2756  1
1938. 2757  1
1939. 2758  1
1940. 2759  1
1941. 2760  1
1942. 2761  1
1943. 2762  1
1944. 2763  1
1945. 2764  1
1946. 2765  1
1947. 2766  1
1948. 2767  1
1949. 2768  1
1950. 2769  1
1951. 2770  1
1952. 2771  1
1953. 2772  1
1954. 2773  1
1955. 2774  1
1956. 2775  1
1957. 2776  1
1958. 2777  1
1959. 2778  1
1960. 2779  1
1961. 2780  1
1962. 2781  1
1963. 2782  1
1964. 2783  1
1965. 2784  1
1966. 2785  1
1967. 2786  1
1968. 2787  1
1969. 2788  1
1970. 2789  1
1971. 2790  1
1972. 2791  1
1973. 2792  1
1974. 2793  1
1975. 2794  1
1976. 2795  1
1977. 2796  1
1978. 2797  1
1979. 2798  1
1980. 2799  1
1981. 2800  1
1982. 2801  1
1983. 2802  1
1984. 2803  1
1985. 2804  1
1986. 2805  1
1987. 2806  1
1988. 2807  1
1989. 2808  1
1990. 2809  1
1991. 2810  1
1992. 2811  1
1993. 2812  1
1994. 2813  1
1995. 2814  1
1996. 2815  1
1997. 2816  1
1998. 2817  1
1999. 2818  1
2000. 2819  1
2001. 2820  1

