Criterion:WilcSigne_exact
20;20;
Size=211
1.0  0.000000953674
2.1  0.000001907349
3.2  0.000002861023
4.3  0.000004768372
5.4  0.000006675720
6.5  0.000009536743
7.6  0.000013351440
8.7  0.000018119812
9.8  0.000023841858
10.9  0.000031471252
11.10  0.000041007996
12.11  0.000052452087
13.12  0.000066757202
14.13  0.000083923340
15.14  0.000104904175
16.15  0.000130653381
17.16  0.000161170959
18.17  0.000197410583
19.18  0.000241279602
20.19  0.000292778015
21.20  0.000353813171
22.21  0.000425338745
23.22  0.000508308411
24.23  0.000604629517
25.24  0.000716209412
26.25  0.000844955444
27.26  0.000992774963
28.27  0.001162528992
29.28  0.001356124878
30.29  0.001576423645
31.30  0.001827239990
32.31  0.002110481262
33.32  0.002429962158
34.33  0.002790451050
35.34  0.003194808960
36.35  0.003647804260
37.36  0.004154205322
38.37  0.004717826843
39.38  0.005344390869
40.39  0.006039619446
41.40  0.006808280945
42.41  0.007656097412
43.42  0.008590698242
44.43  0.009616851807
45.44  0.010742187500
46.45  0.011975288391
47.46  0.013320922852
48.47  0.014787673950
49.48  0.016384124756
50.49  0.018116950989
51.50  0.019994735718
52.51  0.022027015686
53.52  0.024220466614
54.53  0.026584625244
55.54  0.029129028320
56.55  0.031861305237
57.56  0.034790039062
58.57  0.037925720215
59.58  0.041275024414
60.59  0.044847488403
61.60  0.048653602600
62.61  0.052699089050
63.62  0.056993484497
64.63  0.061546325684
65.64  0.066363334656
66.65  0.071453094482
67.66  0.076823234558
68.67  0.082478523254
69.68  0.088426589966
70.69  0.094674110413
71.70  0.101224899292
72.71  0.108083724976
73.72  0.115256309509
74.73  0.122743606567
75.74  0.130549430847
76.75  0.138677597046
77.76  0.147126197815
78.77  0.155897140503
79.78  0.164991378784
80.79  0.174405097961
81.80  0.184138298035
82.81  0.194188117981
83.82  0.204548835754
84.83  0.215216636658
85.84  0.226187705994
86.85  0.237452507019
87.86  0.249004364014
88.87  0.260836601257
89.88  0.272937774658
90.89  0.285298347473
91.90  0.297909736633
92.91  0.310756683350
93.92  0.323827743530
94.93  0.337111473083
95.94  0.350590705872
96.95  0.364253044128
97.96  0.378083229065
98.97  0.392063140869
99.98  0.406177520752
100.99  0.420411109924
101.100  0.434743881226
102.101  0.449158668518
103.102  0.463639259338
104.103  0.478164672852
105.104  0.492717742920
106.105  0.507282257080
107.106  0.521835327148
108.107  0.536360740662
109.108  0.550841331482
110.109  0.565256118774
111.110  0.579588890076
112.111  0.593822479248
113.112  0.607936859131
114.113  0.621916770935
115.114  0.635746955872
116.115  0.649409294128
117.116  0.662888526917
118.117  0.676172256470
119.118  0.689243316650
120.119  0.702090263367
121.120  0.714701652527
122.121  0.727062225342
123.122  0.739163398743
124.123  0.750995635986
125.124  0.762547492981
126.125  0.773812294006
127.126  0.784783363342
128.127  0.795451164246
129.128  0.805811882019
130.129  0.815861701965
131.130  0.825594902039
132.131  0.835008621216
133.132  0.844102859497
134.133  0.852873802185
135.134  0.861322402954
136.135  0.869450569153
137.136  0.877256393433
138.137  0.884743690491
139.138  0.891916275024
140.139  0.898775100708
141.140  0.905325889587
142.141  0.911573410034
143.142  0.917521476746
144.143  0.923176765442
145.144  0.928546905518
146.145  0.933636665344
147.146  0.938453674316
148.147  0.943006515503
149.148  0.947300910950
150.149  0.951346397400
151.150  0.955152511597
152.151  0.958724975586
153.152  0.962074279785
154.153  0.965209960938
155.154  0.968138694763
156.155  0.970870971680
157.156  0.973415374756
158.157  0.975779533386
159.158  0.977972984314
160.159  0.980005264282
161.160  0.981883049011
162.161  0.983615875244
163.162  0.985212326050
164.163  0.986679077148
165.164  0.988024711609
166.165  0.989257812500
167.166  0.990383148193
168.167  0.991409301758
169.168  0.992343902588
170.169  0.993191719055
171.170  0.993960380554
172.171  0.994655609131
173.172  0.995282173157
174.173  0.995845794678
175.174  0.996352195740
176.175  0.996805191040
177.176  0.997209548950
178.177  0.997570037842
179.178  0.997889518738
180.179  0.998172760010
181.180  0.998423576355
182.181  0.998643875122
183.182  0.998837471008
184.183  0.999007225037
185.184  0.999155044556
186.185  0.999283790588
187.186  0.999395370483
188.187  0.999491691589
189.188  0.999574661255
190.189  0.999646186829
191.190  0.999707221985
192.191  0.999758720398
193.192  0.999802589417
194.193  0.999838829041
195.194  0.999869346619
196.195  0.999895095825
197.196  0.999916076660
198.197  0.999933242798
199.198  0.999947547913
200.199  0.999958992004
201.200  0.999968528748
202.201  0.999976158142
203.202  0.999981880188
204.203  0.999986648560
205.204  0.999990463257
206.205  0.999993324280
207.206  0.999995231628
208.207  0.999997138977
209.208  0.999998092651
210.209  0.999999046326
211.210  1.000000000000

